  [1m[35m (0.2ms)[0m  [1m[35mCREATE TABLE "schema_migrations" ("version" varchar NOT NULL PRIMARY KEY) /*application='ReactiveViewExample'*/[0m
  [1m[35m (0.1ms)[0m  [1m[35mCREATE TABLE "ar_internal_metadata" ("key" varchar NOT NULL PRIMARY KEY, "value" varchar, "created_at" datetime(6) NOT NULL, "updated_at" datetime(6) NOT NULL) /*application='ReactiveViewExample'*/[0m
  [1m[36mActiveRecord::InternalMetadata Load (0.0ms)[0m  [1m[34mSELECT * FROM "ar_internal_metadata" WHERE "ar_internal_metadata"."key" = 'environment' ORDER BY "ar_internal_metadata"."key" ASC LIMIT 1 /*application='ReactiveViewExample'*/[0m
  [1m[36mActiveRecord::InternalMetadata Create (0.1ms)[0m  [1m[32mINSERT INTO "ar_internal_metadata" ("key", "value", "created_at", "updated_at") VALUES ('environment', 'development', '2026-01-06 05:50:50.030772', '2026-01-06 05:50:50.030773') RETURNING "key" /*application='ReactiveViewExample'*/[0m
  [1m[36mActiveRecord::SchemaMigration Load (0.0ms)[0m  [1m[34mSELECT "schema_migrations"."version" FROM "schema_migrations" ORDER BY "schema_migrations"."version" ASC /*application='ReactiveViewExample'*/[0m
Migrating to CreateUsers (20250106000001)
  [1m[36mTRANSACTION (0.0ms)[0m  [1m[35mBEGIN immediate TRANSACTION /*application='ReactiveViewExample'*/[0m
  [1m[35m (0.5ms)[0m  [1m[35mCREATE TABLE "users" ("id" integer PRIMARY KEY AUTOINCREMENT NOT NULL, "name" varchar NOT NULL, "email" varchar NOT NULL, "created_at" datetime(6) NOT NULL, "updated_at" datetime(6) NOT NULL) /*application='ReactiveViewExample'*/[0m
  [1m[35m (0.0ms)[0m  [1m[35mCREATE UNIQUE INDEX "index_users_on_email" ON "users" ("email") /*application='ReactiveViewExample'*/[0m
  [1m[36mActiveRecord::SchemaMigration Create (0.0ms)[0m  [1m[32mINSERT INTO "schema_migrations" ("version") VALUES ('20250106000001') RETURNING "version" /*application='ReactiveViewExample'*/[0m
  [1m[36mTRANSACTION (0.0ms)[0m  [1m[35mCOMMIT TRANSACTION /*application='ReactiveViewExample'*/[0m
  [1m[36mActiveRecord::SchemaMigration Load (0.0ms)[0m  [1m[34mSELECT "schema_migrations"."version" FROM "schema_migrations" ORDER BY "schema_migrations"."version" ASC /*application='ReactiveViewExample'*/[0m
  [1m[36mActiveRecord::SchemaMigration Load (0.0ms)[0m  [1m[34mSELECT "schema_migrations"."version" FROM "schema_migrations" ORDER BY "schema_migrations"."version" ASC /*application='ReactiveViewExample'*/[0m
  [1m[36mUser Load (0.0ms)[0m  [1m[34mSELECT "users".* FROM "users" WHERE "users"."email" = 'alice@example.com' LIMIT 1 /*application='ReactiveViewExample'*/[0m
  [1m[36mTRANSACTION (0.0ms)[0m  [1m[35mBEGIN immediate TRANSACTION /*application='ReactiveViewExample'*/[0m
  [1m[36mUser Exists? (0.0ms)[0m  [1m[34mSELECT 1 AS one FROM "users" WHERE "users"."email" = 'alice@example.com' LIMIT 1 /*application='ReactiveViewExample'*/[0m
  [1m[36mUser Create (0.0ms)[0m  [1m[32mINSERT INTO "users" ("name", "email", "created_at", "updated_at") VALUES ('Alice Johnson', 'alice@example.com', '2026-01-06 05:50:50.060097', '2026-01-06 05:50:50.060097') RETURNING "id" /*application='ReactiveViewExample'*/[0m
  [1m[36mTRANSACTION (0.2ms)[0m  [1m[35mCOMMIT TRANSACTION /*application='ReactiveViewExample'*/[0m
  [1m[36mUser Load (0.0ms)[0m  [1m[34mSELECT "users".* FROM "users" WHERE "users"."email" = 'bob@example.com' LIMIT 1 /*application='ReactiveViewExample'*/[0m
  [1m[36mTRANSACTION (0.0ms)[0m  [1m[35mBEGIN immediate TRANSACTION /*application='ReactiveViewExample'*/[0m
  [1m[36mUser Exists? (0.9ms)[0m  [1m[34mSELECT 1 AS one FROM "users" WHERE "users"."email" = 'bob@example.com' LIMIT 1 /*application='ReactiveViewExample'*/[0m
  [1m[36mUser Create (0.0ms)[0m  [1m[32mINSERT INTO "users" ("name", "email", "created_at", "updated_at") VALUES ('Bob Smith', 'bob@example.com', '2026-01-06 05:50:50.063283', '2026-01-06 05:50:50.063283') RETURNING "id" /*application='ReactiveViewExample'*/[0m
  [1m[36mTRANSACTION (0.0ms)[0m  [1m[35mCOMMIT TRANSACTION /*application='ReactiveViewExample'*/[0m
  [1m[36mUser Load (0.0ms)[0m  [1m[34mSELECT "users".* FROM "users" WHERE "users"."email" = 'carol@example.com' LIMIT 1 /*application='ReactiveViewExample'*/[0m
  [1m[36mTRANSACTION (0.0ms)[0m  [1m[35mBEGIN immediate TRANSACTION /*application='ReactiveViewExample'*/[0m
  [1m[36mUser Exists? (0.5ms)[0m  [1m[34mSELECT 1 AS one FROM "users" WHERE "users"."email" = 'carol@example.com' LIMIT 1 /*application='ReactiveViewExample'*/[0m
  [1m[36mUser Create (0.0ms)[0m  [1m[32mINSERT INTO "users" ("name", "email", "created_at", "updated_at") VALUES ('Carol Williams', 'carol@example.com', '2026-01-06 05:50:50.065661', '2026-01-06 05:50:50.065661') RETURNING "id" /*application='ReactiveViewExample'*/[0m
  [1m[36mTRANSACTION (0.0ms)[0m  [1m[35mCOMMIT TRANSACTION /*application='ReactiveViewExample'*/[0m
  [1m[36mUser Load (0.0ms)[0m  [1m[34mSELECT "users".* FROM "users" WHERE "users"."email" = 'david@example.com' LIMIT 1 /*application='ReactiveViewExample'*/[0m
  [1m[36mTRANSACTION (0.0ms)[0m  [1m[35mBEGIN immediate TRANSACTION /*application='ReactiveViewExample'*/[0m
  [1m[36mUser Exists? (0.5ms)[0m  [1m[34mSELECT 1 AS one FROM "users" WHERE "users"."email" = 'david@example.com' LIMIT 1 /*application='ReactiveViewExample'*/[0m
  [1m[36mUser Create (0.0ms)[0m  [1m[32mINSERT INTO "users" ("name", "email", "created_at", "updated_at") VALUES ('David Brown', 'david@example.com', '2026-01-06 05:50:50.068277', '2026-01-06 05:50:50.068277') RETURNING "id" /*application='ReactiveViewExample'*/[0m
  [1m[36mTRANSACTION (0.0ms)[0m  [1m[35mCOMMIT TRANSACTION /*application='ReactiveViewExample'*/[0m
  [1m[36mUser Load (0.0ms)[0m  [1m[34mSELECT "users".* FROM "users" WHERE "users"."email" = 'eva@example.com' LIMIT 1 /*application='ReactiveViewExample'*/[0m
  [1m[36mTRANSACTION (0.0ms)[0m  [1m[35mBEGIN immediate TRANSACTION /*application='ReactiveViewExample'*/[0m
  [1m[36mUser Exists? (0.5ms)[0m  [1m[34mSELECT 1 AS one FROM "users" WHERE "users"."email" = 'eva@example.com' LIMIT 1 /*application='ReactiveViewExample'*/[0m
  [1m[36mUser Create (0.0ms)[0m  [1m[32mINSERT INTO "users" ("name", "email", "created_at", "updated_at") VALUES ('Eva Martinez', 'eva@example.com', '2026-01-06 05:50:50.070874', '2026-01-06 05:50:50.070874') RETURNING "id" /*application='ReactiveViewExample'*/[0m
  [1m[36mTRANSACTION (0.0ms)[0m  [1m[35mCOMMIT TRANSACTION /*application='ReactiveViewExample'*/[0m
  [1m[36mUser Load (0.0ms)[0m  [1m[34mSELECT "users".* FROM "users" WHERE "users"."email" = 'frank@example.com' LIMIT 1 /*application='ReactiveViewExample'*/[0m
  [1m[36mTRANSACTION (0.0ms)[0m  [1m[35mBEGIN immediate TRANSACTION /*application='ReactiveViewExample'*/[0m
  [1m[36mUser Exists? (0.5ms)[0m  [1m[34mSELECT 1 AS one FROM "users" WHERE "users"."email" = 'frank@example.com' LIMIT 1 /*application='ReactiveViewExample'*/[0m
  [1m[36mUser Create (0.0ms)[0m  [1m[32mINSERT INTO "users" ("name", "email", "created_at", "updated_at") VALUES ('Frank Davis', 'frank@example.com', '2026-01-06 05:50:50.074040', '2026-01-06 05:50:50.074040') RETURNING "id" /*application='ReactiveViewExample'*/[0m
  [1m[36mTRANSACTION (0.0ms)[0m  [1m[35mCOMMIT TRANSACTION /*application='ReactiveViewExample'*/[0m
  [1m[36mUser Load (0.0ms)[0m  [1m[34mSELECT "users".* FROM "users" WHERE "users"."email" = 'grace@example.com' LIMIT 1 /*application='ReactiveViewExample'*/[0m
  [1m[36mTRANSACTION (0.0ms)[0m  [1m[35mBEGIN immediate TRANSACTION /*application='ReactiveViewExample'*/[0m
  [1m[36mUser Exists? (0.5ms)[0m  [1m[34mSELECT 1 AS one FROM "users" WHERE "users"."email" = 'grace@example.com' LIMIT 1 /*application='ReactiveViewExample'*/[0m
  [1m[36mUser Create (0.0ms)[0m  [1m[32mINSERT INTO "users" ("name", "email", "created_at", "updated_at") VALUES ('Grace Wilson', 'grace@example.com', '2026-01-06 05:50:50.076294', '2026-01-06 05:50:50.076294') RETURNING "id" /*application='ReactiveViewExample'*/[0m
  [1m[36mTRANSACTION (0.0ms)[0m  [1m[35mCOMMIT TRANSACTION /*application='ReactiveViewExample'*/[0m
  [1m[36mUser Load (0.0ms)[0m  [1m[34mSELECT "users".* FROM "users" WHERE "users"."email" = 'henry@example.com' LIMIT 1 /*application='ReactiveViewExample'*/[0m
  [1m[36mTRANSACTION (0.0ms)[0m  [1m[35mBEGIN immediate TRANSACTION /*application='ReactiveViewExample'*/[0m
  [1m[36mUser Exists? (0.6ms)[0m  [1m[34mSELECT 1 AS one FROM "users" WHERE "users"."email" = 'henry@example.com' LIMIT 1 /*application='ReactiveViewExample'*/[0m
  [1m[36mUser Create (0.0ms)[0m  [1m[32mINSERT INTO "users" ("name", "email", "created_at", "updated_at") VALUES ('Henry Taylor', 'henry@example.com', '2026-01-06 05:50:50.078617', '2026-01-06 05:50:50.078617') RETURNING "id" /*application='ReactiveViewExample'*/[0m
  [1m[36mTRANSACTION (0.0ms)[0m  [1m[35mCOMMIT TRANSACTION /*application='ReactiveViewExample'*/[0m
  [1m[36mUser Count (0.0ms)[0m  [1m[34mSELECT COUNT(*) FROM "users" /*application='ReactiveViewExample'*/[0m
[ReactiveView] Setting up working directory at /Users/thomasleenders/Desktop/working_copies/reactive-view-ai/examples/reactive_view_example/.reactive_view
[ReactiveView] Installing npm dependencies...
[ReactiveView] Synced TSX files to /Users/thomasleenders/Desktop/working_copies/reactive-view-ai/examples/reactive_view_example/.reactive_view/src/routes
[ReactiveView] Generated TypeScript types at /Users/thomasleenders/Desktop/working_copies/reactive-view-ai/examples/reactive_view_example/.reactive_view/src/lib/reactive-view/types/generated.d.ts
